<?xml version="1.0" encoding="UTF-8"?>
<!-- Generated by org.testng.reporters.JUnitReportReporter -->
<testsuite hostname="Kathy-PC" name="ParameterizedTest1" tests="1" failures="0" timestamp="15 Nov 2015 15:06:55 GMT" time="0.009" errors="0">
  <testcase name="parameterTest" time="0.009" classname="ParameterizedTest1"/>
</testsuite> <!-- ParameterizedTest1 -->
