<?xml version="1.0" encoding="UTF-8"?>
<!-- Generated by org.testng.reporters.JUnitReportReporter -->
<testsuite hostname="Kathy-PC" name="testcase.login.android.kathy.Login_iTripAPP_WeChat" tests="1" failures="0" timestamp="24 Nov 2015 15:51:25 GMT" time="67.084" errors="0">
  <testcase name="Login_iTripAPP_weixin" time="67.084" classname="testcase.login.android.kathy.Login_iTripAPP_WeChat"/>
</testsuite> <!-- testcase.login.android.kathy.Login_iTripAPP_WeChat -->
