<?xml version="1.0" encoding="UTF-8"?>
<!-- Generated by org.testng.reporters.JUnitReportReporter -->
<testsuite hostname="Kathy-PC" name="testcase.buy.ProductList.android.kathy.Number2174" tests="1" failures="0" timestamp="16 Nov 2015 14:55:31 GMT" time="153.698" errors="0">
  <testcase name="BuyProduct2174" time="153.698" classname="testcase.buy.ProductList.android.kathy.Number2174"/>
</testsuite> <!-- testcase.buy.ProductList.android.kathy.Number2174 -->
