<?xml version="1.0" encoding="UTF-8"?>
<!-- Generated by org.testng.reporters.JUnitReportReporter -->
<testsuite hostname="Kathy-PC" name="testcase.buy.ProductList.android.kathy.ProductID_2174" tests="1" failures="0" timestamp="1 Dec 2015 14:44:40 GMT" time="147.156" errors="0">
  <testcase name="BuyProduct2174" time="147.156" classname="testcase.buy.ProductList.android.kathy.ProductID_2174"/>
</testsuite> <!-- testcase.buy.ProductList.android.kathy.ProductID_2174 -->
