<?xml version="1.0" encoding="UTF-8"?>
<!-- Generated by org.testng.reporters.JUnitReportReporter -->
<testsuite hostname="Kathy-PC" name="iTrip_TestCase_Kathy.ParameterizedTest1" tests="1" failures="0" timestamp="16 Nov 2015 07:49:05 GMT" time="0.000" errors="0">
  <testcase name="parameterTest" time="0.000" classname="iTrip_TestCase_Kathy.ParameterizedTest1"/>
</testsuite> <!-- iTrip_TestCase_Kathy.ParameterizedTest1 -->
