<?xml version="1.0" encoding="UTF-8"?>
<!-- Generated by org.testng.reporters.JUnitReportReporter -->
<testsuite hostname="Kathy-PC" name="testcase.buy.ProductList.android.kathy.ProductID_2110" tests="1" failures="0" timestamp="1 Dec 2015 14:24:08 GMT" time="149.711" errors="0">
  <testcase name="BuyProduct2110" time="149.711" classname="testcase.buy.ProductList.android.kathy.ProductID_2110"/>
</testsuite> <!-- testcase.buy.ProductList.android.kathy.ProductID_2110 -->
