<?xml version="1.0" encoding="UTF-8"?>
<!-- Generated by org.testng.reporters.JUnitReportReporter -->
<testsuite hostname="Kathy-PC" name="com.dragon.testng.annotation.TestngFactoryTest" tests="10" failures="0" timestamp="1 Dec 2015 12:01:09 GMT" time="0.008" errors="0">
  <testcase name="testServer" time="0.000" classname="com.dragon.testng.annotation.TestngFactoryTest"/>
  <testcase name="testServer" time="0.001" classname="com.dragon.testng.annotation.TestngFactoryTest"/>
  <testcase name="testServer" time="0.000" classname="com.dragon.testng.annotation.TestngFactoryTest"/>
  <testcase name="testServer" time="0.000" classname="com.dragon.testng.annotation.TestngFactoryTest"/>
  <testcase name="testServer" time="0.000" classname="com.dragon.testng.annotation.TestngFactoryTest"/>
  <testcase name="testServer" time="0.000" classname="com.dragon.testng.annotation.TestngFactoryTest"/>
  <testcase name="testServer" time="0.000" classname="com.dragon.testng.annotation.TestngFactoryTest"/>
  <testcase name="testServer" time="0.000" classname="com.dragon.testng.annotation.TestngFactoryTest"/>
  <testcase name="testServer" time="0.007" classname="com.dragon.testng.annotation.TestngFactoryTest"/>
  <testcase name="testServer" time="0.000" classname="com.dragon.testng.annotation.TestngFactoryTest"/>
</testsuite> <!-- com.dragon.testng.annotation.TestngFactoryTest -->
