<?xml version="1.0" encoding="UTF-8"?>
<!-- Generated by org.testng.reporters.JUnitReportReporter -->
<testsuite hostname="Kathy-PC" name="testcase.login.android.kathy.Login_iTripAPP_QQ" tests="1" failures="0" timestamp="22 Nov 2015 13:11:24 GMT" time="40.255" errors="0">
  <testcase name="Login_iTripAPP_QQ" time="40.255" classname="testcase.login.android.kathy.Login_iTripAPP_QQ"/>
</testsuite> <!-- testcase.login.android.kathy.Login_iTripAPP_QQ -->
