<?xml version="1.0" encoding="UTF-8"?>
<!-- Generated by org.testng.reporters.JUnitReportReporter -->
<testsuite hostname="Kathy-PC" name="testcase.login.android.kathy.Login_iTripAPP_SinaWeibo" tests="1" failures="0" timestamp="22 Nov 2015 13:14:32 GMT" time="34.769" errors="0">
  <testcase name="Login_iTripAPP_sinaweibo" time="34.769" classname="testcase.login.android.kathy.Login_iTripAPP_SinaWeibo"/>
</testsuite> <!-- testcase.login.android.kathy.Login_iTripAPP_SinaWeibo -->
