<?xml version="1.0" encoding="UTF-8" ?>
<testsuite failures="2" time="449.26" errors="0" skipped="0" tests="4" name="TestSuite">
  <properties>
    <property name="java.runtime.name" value="Java(TM) SE Runtime Environment"/>
    <property name="sun.boot.library.path" value="F:\Appium\jdk\JDK1.7\jre\bin"/>
    <property name="java.vm.version" value="24.79-b02"/>
    <property name="java.vm.vendor" value="Oracle Corporation"/>
    <property name="java.vendor.url" value="http://java.oracle.com/"/>
    <property name="path.separator" value=";"/>
    <property name="java.vm.name" value="Java HotSpot(TM) Client VM"/>
    <property name="file.encoding.pkg" value="sun.io"/>
    <property name="user.script" value=""/>
    <property name="user.country" value="CN"/>
    <property name="sun.java.launcher" value="SUN_STANDARD"/>
    <property name="sun.os.patch.level" value=""/>
    <property name="java.vm.specification.name" value="Java Virtual Machine Specification"/>
    <property name="user.dir" value="E:\developandroid\phone\iTripAPP.Test.Android.Kathy\target"/>
    <property name="java.runtime.version" value="1.7.0_79-b15"/>
    <property name="java.awt.graphicsenv" value="sun.awt.Win32GraphicsEnvironment"/>
    <property name="basedir" value="E:\developandroid\phone\iTripAPP.Test.Android.Kathy"/>
    <property name="java.endorsed.dirs" value="F:\Appium\jdk\JDK1.7\jre\lib\endorsed"/>
    <property name="os.arch" value="x86"/>
    <property name="surefire.real.class.path" value="C:\Users\Kathy\AppData\Local\Temp\surefirebooter916441628424891717.jar"/>
    <property name="java.io.tmpdir" value="C:\Users\Kathy\AppData\Local\Temp\"/>
    <property name="line.separator" value="
"/>
    <property name="java.vm.specification.vendor" value="Oracle Corporation"/>
    <property name="user.variant" value=""/>
    <property name="os.name" value="Windows 7"/>
    <property name="file.endcoding" value="UTF-8"/>
    <property name="sun.jnu.encoding" value="GBK"/>
    <property name="java.library.path" value="F:\Appium\jdk\JDK1.7\jre\bin;C:\Windows\Sun\Java\bin;C:\Windows\system32;C:\Windows;F:\Appium\node\Nodejs;F:\Appium\AppiumForWindows-1.3.4.1\Appium\node_modules\.bin;%ANDROID_HOME%\tools;%ANDROID_HOME%\platform-tools;F:\Appium\eclipse\apache-maven-3.3.3\bin;C:\Windows\system32;C:\Windows;C:\Windows\System32\Wbem;C:\Windows;F:\Appium\jdk\JDK1.7\bin;."/>
    <property name="surefire.test.class.path" value="E:\developandroid\phone\iTripAPP.Test.Android.Kathy\target\test-classes;E:\developandroid\phone\iTripAPP.Test.Android.Kathy\target\classes;C:\Users\Kathy\.m2\repository\org\testng\testng\6.8.8\testng-6.8.8.jar;C:\Users\Kathy\.m2\repository\org\beanshell\bsh\2.0b4\bsh-2.0b4.jar;C:\Users\Kathy\.m2\repository\com\beust\jcommander\1.27\jcommander-1.27.jar;C:\Users\Kathy\.m2\repository\org\uncommons\reportng\1.1.4\reportng-1.1.4.jar;C:\Users\Kathy\.m2\repository\velocity\velocity\1.4\velocity-1.4.jar;C:\Users\Kathy\.m2\repository\velocity\velocity-dep\1.4\velocity-dep-1.4.jar;C:\Users\Kathy\.m2\repository\com\google\inject\guice\3.0\guice-3.0.jar;C:\Users\Kathy\.m2\repository\javax\inject\javax.inject\1\javax.inject-1.jar;C:\Users\Kathy\.m2\repository\aopalliance\aopalliance\1.0\aopalliance-1.0.jar;C:\Users\Kathy\.m2\repository\org\seleniumhq\selenium\selenium-java\2.45.0\selenium-java-2.45.0.jar;C:\Users\Kathy\.m2\repository\org\seleniumhq\selenium\selenium-chrome-driver\2.45.0\selenium-chrome-driver-2.45.0.jar;C:\Users\Kathy\.m2\repository\org\seleniumhq\selenium\selenium-remote-driver\2.45.0\selenium-remote-driver-2.45.0.jar;C:\Users\Kathy\.m2\repository\cglib\cglib-nodep\2.1_3\cglib-nodep-2.1_3.jar;C:\Users\Kathy\.m2\repository\org\seleniumhq\selenium\selenium-api\2.45.0\selenium-api-2.45.0.jar;C:\Users\Kathy\.m2\repository\org\seleniumhq\selenium\selenium-htmlunit-driver\2.45.0\selenium-htmlunit-driver-2.45.0.jar;C:\Users\Kathy\.m2\repository\net\sourceforge\htmlunit\htmlunit\2.15\htmlunit-2.15.jar;C:\Users\Kathy\.m2\repository\xalan\xalan\2.7.1\xalan-2.7.1.jar;C:\Users\Kathy\.m2\repository\xalan\serializer\2.7.1\serializer-2.7.1.jar;C:\Users\Kathy\.m2\repository\commons-collections\commons-collections\3.2.1\commons-collections-3.2.1.jar;C:\Users\Kathy\.m2\repository\org\apache\commons\commons-lang3\3.3.2\commons-lang3-3.3.2.jar;C:\Users\Kathy\.m2\repository\org\apache\httpcomponents\httpmime\4.3.3\httpmime-4.3.3.jar;C:\Users\Kathy\.m2\repository\net\sourceforge\htmlunit\htmlunit-core-js\2.15\htmlunit-core-js-2.15.jar;C:\Users\Kathy\.m2\repository\xerces\xercesImpl\2.11.0\xercesImpl-2.11.0.jar;C:\Users\Kathy\.m2\repository\xml-apis\xml-apis\1.4.01\xml-apis-1.4.01.jar;C:\Users\Kathy\.m2\repository\net\sourceforge\nekohtml\nekohtml\1.9.21\nekohtml-1.9.21.jar;C:\Users\Kathy\.m2\repository\net\sourceforge\cssparser\cssparser\0.9.14\cssparser-0.9.14.jar;C:\Users\Kathy\.m2\repository\org\w3c\css\sac\1.3\sac-1.3.jar;C:\Users\Kathy\.m2\repository\org\eclipse\jetty\jetty-websocket\8.1.15.v20140411\jetty-websocket-8.1.15.v20140411.jar;C:\Users\Kathy\.m2\repository\org\eclipse\jetty\jetty-util\8.1.15.v20140411\jetty-util-8.1.15.v20140411.jar;C:\Users\Kathy\.m2\repository\org\eclipse\jetty\jetty-io\8.1.15.v20140411\jetty-io-8.1.15.v20140411.jar;C:\Users\Kathy\.m2\repository\org\eclipse\jetty\jetty-http\8.1.15.v20140411\jetty-http-8.1.15.v20140411.jar;C:\Users\Kathy\.m2\repository\org\seleniumhq\selenium\selenium-firefox-driver\2.45.0\selenium-firefox-driver-2.45.0.jar;C:\Users\Kathy\.m2\repository\commons-io\commons-io\2.4\commons-io-2.4.jar;C:\Users\Kathy\.m2\repository\org\apache\commons\commons-exec\1.1\commons-exec-1.1.jar;C:\Users\Kathy\.m2\repository\org\seleniumhq\selenium\selenium-ie-driver\2.45.0\selenium-ie-driver-2.45.0.jar;C:\Users\Kathy\.m2\repository\net\java\dev\jna\jna\3.4.0\jna-3.4.0.jar;C:\Users\Kathy\.m2\repository\net\java\dev\jna\platform\3.4.0\platform-3.4.0.jar;C:\Users\Kathy\.m2\repository\org\seleniumhq\selenium\selenium-safari-driver\2.45.0\selenium-safari-driver-2.45.0.jar;C:\Users\Kathy\.m2\repository\org\seleniumhq\selenium\selenium-support\2.45.0\selenium-support-2.45.0.jar;C:\Users\Kathy\.m2\repository\org\webbitserver\webbit\0.4.14\webbit-0.4.14.jar;C:\Users\Kathy\.m2\repository\io\netty\netty\3.5.2.Final\netty-3.5.2.Final.jar;C:\Users\Kathy\.m2\repository\org\seleniumhq\selenium\selenium-leg-rc\2.45.0\selenium-leg-rc-2.45.0.jar;C:\Users\Kathy\.m2\repository\io\appium\java-client\2.2.0\java-client-2.2.0.jar;C:\Users\Kathy\.m2\repository\com\google\code\gson\gson\2.2.4\gson-2.2.4.jar;C:\Users\Kathy\.m2\repository\junit\junit\4.11\junit-4.11.jar;C:\Users\Kathy\.m2\repository\org\apache\httpcomponents\httpclient\4.3.3\httpclient-4.3.3.jar;C:\Users\Kathy\.m2\repository\org\apache\httpcomponents\httpcore\4.3.2\httpcore-4.3.2.jar;C:\Users\Kathy\.m2\repository\commons-logging\commons-logging\1.1.3\commons-logging-1.1.3.jar;C:\Users\Kathy\.m2\repository\com\google\guava\guava\17.0\guava-17.0.jar;C:\Users\Kathy\.m2\repository\cglib\cglib\3.1\cglib-3.1.jar;C:\Users\Kathy\.m2\repository\org\ow2\asm\asm\4.2\asm-4.2.jar;C:\Users\Kathy\.m2\repository\org\hamcrest\hamcrest-all\1.3\hamcrest-all-1.3.jar;C:\Users\Kathy\.m2\repository\org\hamcrest\hamcrest-library\1.3\hamcrest-library-1.3.jar;C:\Users\Kathy\.m2\repository\org\hamcrest\hamcrest-core\1.3\hamcrest-core-1.3.jar;C:\Users\Kathy\.m2\repository\org\seleniumhq\selenium\selenium-server\2.45.0\selenium-server-2.45.0.jar;C:\Users\Kathy\.m2\repository\org\bouncycastle\bcprov-jdk15on\1.48\bcprov-jdk15on-1.48.jar;C:\Users\Kathy\.m2\repository\org\bouncycastle\bcpkix-jdk15on\1.48\bcpkix-jdk15on-1.48.jar;C:\Users\Kathy\.m2\repository\mx4j\mx4j-tools\3.0.1\mx4j-tools-3.0.1.jar;C:\Users\Kathy\.m2\repository\org\mortbay\jetty\servlet-api-2.5\6.1.9\servlet-api-2.5-6.1.9.jar;C:\Users\Kathy\.m2\repository\org\seleniumhq\selenium\jetty-repacked\7.6.1\jetty-repacked-7.6.1.jar;C:\Users\Kathy\.m2\repository\org\seleniumhq\selenium\jetty-rc-repacked\5\jetty-rc-repacked-5.jar;C:\Users\Kathy\.m2\repository\net\jcip\jcip-annotations\1.0\jcip-annotations-1.0.jar;C:\Users\Kathy\.m2\repository\org\yaml\snakeyaml\1.8\snakeyaml-1.8.jar;C:\Users\Kathy\.m2\repository\commons-codec\commons-codec\1.9\commons-codec-1.9.jar;"/>
    <property name="java.specification.name" value="Java Platform API Specification"/>
    <property name="java.class.version" value="51.0"/>
    <property name="sun.management.compiler" value="HotSpot Client Compiler"/>
    <property name="os.version" value="6.1"/>
    <property name="user.home" value="C:\Users\Kathy"/>
    <property name="user.timezone" value="Asia/Shanghai"/>
    <property name="java.awt.printerjob" value="sun.awt.windows.WPrinterJob"/>
    <property name="java.specification.version" value="1.7"/>
    <property name="file.encoding" value="GBK"/>
    <property name="user.name" value="Kathy"/>
    <property name="java.class.path" value="E:\developandroid\phone\iTripAPP.Test.Android.Kathy\target\test-classes;E:\developandroid\phone\iTripAPP.Test.Android.Kathy\target\classes;C:\Users\Kathy\.m2\repository\org\testng\testng\6.8.8\testng-6.8.8.jar;C:\Users\Kathy\.m2\repository\org\beanshell\bsh\2.0b4\bsh-2.0b4.jar;C:\Users\Kathy\.m2\repository\com\beust\jcommander\1.27\jcommander-1.27.jar;C:\Users\Kathy\.m2\repository\org\uncommons\reportng\1.1.4\reportng-1.1.4.jar;C:\Users\Kathy\.m2\repository\velocity\velocity\1.4\velocity-1.4.jar;C:\Users\Kathy\.m2\repository\velocity\velocity-dep\1.4\velocity-dep-1.4.jar;C:\Users\Kathy\.m2\repository\com\google\inject\guice\3.0\guice-3.0.jar;C:\Users\Kathy\.m2\repository\javax\inject\javax.inject\1\javax.inject-1.jar;C:\Users\Kathy\.m2\repository\aopalliance\aopalliance\1.0\aopalliance-1.0.jar;C:\Users\Kathy\.m2\repository\org\seleniumhq\selenium\selenium-java\2.45.0\selenium-java-2.45.0.jar;C:\Users\Kathy\.m2\repository\org\seleniumhq\selenium\selenium-chrome-driver\2.45.0\selenium-chrome-driver-2.45.0.jar;C:\Users\Kathy\.m2\repository\org\seleniumhq\selenium\selenium-remote-driver\2.45.0\selenium-remote-driver-2.45.0.jar;C:\Users\Kathy\.m2\repository\cglib\cglib-nodep\2.1_3\cglib-nodep-2.1_3.jar;C:\Users\Kathy\.m2\repository\org\seleniumhq\selenium\selenium-api\2.45.0\selenium-api-2.45.0.jar;C:\Users\Kathy\.m2\repository\org\seleniumhq\selenium\selenium-htmlunit-driver\2.45.0\selenium-htmlunit-driver-2.45.0.jar;C:\Users\Kathy\.m2\repository\net\sourceforge\htmlunit\htmlunit\2.15\htmlunit-2.15.jar;C:\Users\Kathy\.m2\repository\xalan\xalan\2.7.1\xalan-2.7.1.jar;C:\Users\Kathy\.m2\repository\xalan\serializer\2.7.1\serializer-2.7.1.jar;C:\Users\Kathy\.m2\repository\commons-collections\commons-collections\3.2.1\commons-collections-3.2.1.jar;C:\Users\Kathy\.m2\repository\org\apache\commons\commons-lang3\3.3.2\commons-lang3-3.3.2.jar;C:\Users\Kathy\.m2\repository\org\apache\httpcomponents\httpmime\4.3.3\httpmime-4.3.3.jar;C:\Users\Kathy\.m2\repository\net\sourceforge\htmlunit\htmlunit-core-js\2.15\htmlunit-core-js-2.15.jar;C:\Users\Kathy\.m2\repository\xerces\xercesImpl\2.11.0\xercesImpl-2.11.0.jar;C:\Users\Kathy\.m2\repository\xml-apis\xml-apis\1.4.01\xml-apis-1.4.01.jar;C:\Users\Kathy\.m2\repository\net\sourceforge\nekohtml\nekohtml\1.9.21\nekohtml-1.9.21.jar;C:\Users\Kathy\.m2\repository\net\sourceforge\cssparser\cssparser\0.9.14\cssparser-0.9.14.jar;C:\Users\Kathy\.m2\repository\org\w3c\css\sac\1.3\sac-1.3.jar;C:\Users\Kathy\.m2\repository\org\eclipse\jetty\jetty-websocket\8.1.15.v20140411\jetty-websocket-8.1.15.v20140411.jar;C:\Users\Kathy\.m2\repository\org\eclipse\jetty\jetty-util\8.1.15.v20140411\jetty-util-8.1.15.v20140411.jar;C:\Users\Kathy\.m2\repository\org\eclipse\jetty\jetty-io\8.1.15.v20140411\jetty-io-8.1.15.v20140411.jar;C:\Users\Kathy\.m2\repository\org\eclipse\jetty\jetty-http\8.1.15.v20140411\jetty-http-8.1.15.v20140411.jar;C:\Users\Kathy\.m2\repository\org\seleniumhq\selenium\selenium-firefox-driver\2.45.0\selenium-firefox-driver-2.45.0.jar;C:\Users\Kathy\.m2\repository\commons-io\commons-io\2.4\commons-io-2.4.jar;C:\Users\Kathy\.m2\repository\org\apache\commons\commons-exec\1.1\commons-exec-1.1.jar;C:\Users\Kathy\.m2\repository\org\seleniumhq\selenium\selenium-ie-driver\2.45.0\selenium-ie-driver-2.45.0.jar;C:\Users\Kathy\.m2\repository\net\java\dev\jna\jna\3.4.0\jna-3.4.0.jar;C:\Users\Kathy\.m2\repository\net\java\dev\jna\platform\3.4.0\platform-3.4.0.jar;C:\Users\Kathy\.m2\repository\org\seleniumhq\selenium\selenium-safari-driver\2.45.0\selenium-safari-driver-2.45.0.jar;C:\Users\Kathy\.m2\repository\org\seleniumhq\selenium\selenium-support\2.45.0\selenium-support-2.45.0.jar;C:\Users\Kathy\.m2\repository\org\webbitserver\webbit\0.4.14\webbit-0.4.14.jar;C:\Users\Kathy\.m2\repository\io\netty\netty\3.5.2.Final\netty-3.5.2.Final.jar;C:\Users\Kathy\.m2\repository\org\seleniumhq\selenium\selenium-leg-rc\2.45.0\selenium-leg-rc-2.45.0.jar;C:\Users\Kathy\.m2\repository\io\appium\java-client\2.2.0\java-client-2.2.0.jar;C:\Users\Kathy\.m2\repository\com\google\code\gson\gson\2.2.4\gson-2.2.4.jar;C:\Users\Kathy\.m2\repository\junit\junit\4.11\junit-4.11.jar;C:\Users\Kathy\.m2\repository\org\apache\httpcomponents\httpclient\4.3.3\httpclient-4.3.3.jar;C:\Users\Kathy\.m2\repository\org\apache\httpcomponents\httpcore\4.3.2\httpcore-4.3.2.jar;C:\Users\Kathy\.m2\repository\commons-logging\commons-logging\1.1.3\commons-logging-1.1.3.jar;C:\Users\Kathy\.m2\repository\com\google\guava\guava\17.0\guava-17.0.jar;C:\Users\Kathy\.m2\repository\cglib\cglib\3.1\cglib-3.1.jar;C:\Users\Kathy\.m2\repository\org\ow2\asm\asm\4.2\asm-4.2.jar;C:\Users\Kathy\.m2\repository\org\hamcrest\hamcrest-all\1.3\hamcrest-all-1.3.jar;C:\Users\Kathy\.m2\repository\org\hamcrest\hamcrest-library\1.3\hamcrest-library-1.3.jar;C:\Users\Kathy\.m2\repository\org\hamcrest\hamcrest-core\1.3\hamcrest-core-1.3.jar;C:\Users\Kathy\.m2\repository\org\seleniumhq\selenium\selenium-server\2.45.0\selenium-server-2.45.0.jar;C:\Users\Kathy\.m2\repository\org\bouncycastle\bcprov-jdk15on\1.48\bcprov-jdk15on-1.48.jar;C:\Users\Kathy\.m2\repository\org\bouncycastle\bcpkix-jdk15on\1.48\bcpkix-jdk15on-1.48.jar;C:\Users\Kathy\.m2\repository\mx4j\mx4j-tools\3.0.1\mx4j-tools-3.0.1.jar;C:\Users\Kathy\.m2\repository\org\mortbay\jetty\servlet-api-2.5\6.1.9\servlet-api-2.5-6.1.9.jar;C:\Users\Kathy\.m2\repository\org\seleniumhq\selenium\jetty-repacked\7.6.1\jetty-repacked-7.6.1.jar;C:\Users\Kathy\.m2\repository\org\seleniumhq\selenium\jetty-rc-repacked\5\jetty-rc-repacked-5.jar;C:\Users\Kathy\.m2\repository\net\jcip\jcip-annotations\1.0\jcip-annotations-1.0.jar;C:\Users\Kathy\.m2\repository\org\yaml\snakeyaml\1.8\snakeyaml-1.8.jar;C:\Users\Kathy\.m2\repository\commons-codec\commons-codec\1.9\commons-codec-1.9.jar;"/>
    <property name="java.vm.specification.version" value="1.7"/>
    <property name="sun.arch.data.model" value="32"/>
    <property name="java.home" value="F:\Appium\jdk\JDK1.7\jre"/>
    <property name="sun.java.command" value="C:\Users\Kathy\AppData\Local\Temp\surefirebooter916441628424891717.jar C:\Users\Kathy\AppData\Local\Temp\surefire3816012069261087177tmp C:\Users\Kathy\AppData\Local\Temp\surefire3241815166425166834tmp"/>
    <property name="java.specification.vendor" value="Oracle Corporation"/>
    <property name="user.language" value="zh"/>
    <property name="awt.toolkit" value="sun.awt.windows.WToolkit"/>
    <property name="java.vm.info" value="mixed mode, sharing"/>
    <property name="java.version" value="1.7.0_79"/>
    <property name="java.ext.dirs" value="F:\Appium\jdk\JDK1.7\jre\lib\ext;C:\Windows\Sun\Java\lib\ext"/>
    <property name="sun.boot.class.path" value="F:\Appium\jdk\JDK1.7\jre\lib\resources.jar;F:\Appium\jdk\JDK1.7\jre\lib\rt.jar;F:\Appium\jdk\JDK1.7\jre\lib\sunrsasign.jar;F:\Appium\jdk\JDK1.7\jre\lib\jsse.jar;F:\Appium\jdk\JDK1.7\jre\lib\jce.jar;F:\Appium\jdk\JDK1.7\jre\lib\charsets.jar;F:\Appium\jdk\JDK1.7\jre\lib\jfr.jar;F:\Appium\jdk\JDK1.7\jre\classes"/>
    <property name="java.vendor" value="Oracle Corporation"/>
    <property name="localRepository" value="C:\Users\Kathy\.m2\repository"/>
    <property name="file.separator" value="\"/>
    <property name="java.vendor.url.bug" value="http://bugreport.sun.com/bugreport/"/>
    <property name="sun.cpu.endian" value="little"/>
    <property name="sun.io.unicode.encoding" value="UnicodeLittle"/>
    <property name="sun.desktop" value="windows"/>
    <property name="sun.cpu.isalist" value="pentium_pro+mmx pentium_pro pentium+mmx pentium i486 i386 i86"/>
  </properties>
  <testcase time="125.596" classname="testcase.buy.ProductList.android.kathy.ProductID_2110" name="BuyProduct2110"/>
  <testcase time="120.538" classname="testcase.buy.ProductList.android.kathy.ProductID_2174" name="BuyProduct2174"/>
  <testcase time="40.113" classname="testcase.buy.ProductList.android.kathy.ProductID_2175" name="BuyProduct2175">
    <failure message="An element could not be located on the page using the given search parameters. (WARNING: The server did not provide any stacktrace information)
Command duration or timeout: 51 milliseconds
For documentation on this error, please visit: http://seleniumhq.org/exceptions/no_such_element.html
Build info: version: &apos;2.45.0&apos;, revision: &apos;5017cb8e7ca8e37638dc3091b2440b90a1d8686f&apos;, time: &apos;2015-02-27 09:10:26&apos;
System info: host: &apos;Kathy-PC&apos;, ip: &apos;192.168.1.102&apos;, os.name: &apos;Windows 7&apos;, os.arch: &apos;x86&apos;, os.version: &apos;6.1&apos;, java.version: &apos;1.7.0_79&apos;
*** Element info: {Using=xpath, value=//android.view.View[contains(@content-desc,&apos;更改旅行日期&apos;)]}
Session ID: 09353786-bc24-492a-b10e-71aba82e179d
Driver info: io.appium.java_client.android.AndroidDriver
Capabilities [{platform=LINUX, javascriptEnabled=true, appActivity=com.aoliday.android.phone.Main, browserName=Android, networkConnectionEnabled=true, noSign=true, desired={platformVersion=4.4.2, deviceName=PE-TL20, platformName=Android, appActivity=com.aoliday.android.phone.Main, noSign=true, unicodeKeyboard=true, resetkeyboard=true, appPackage=com.aoliday.android.phone}, resetkeyboard=true, locationContextEnabled=false, appPackage=com.aoliday.android.phone, platformVersion=5.0, databaseEnabled=false, deviceName=e313ee98, platformName=Android, webStorageEnabled=false, unicodeKeyboard=true, warnings={}, takesScreenshot=true}]" type="org.openqa.selenium.NoSuchElementException">org.openqa.selenium.NoSuchElementException: An element could not be located on the page using the given search parameters. (WARNING: The server did not provide any stacktrace information)
Command duration or timeout: 51 milliseconds
For documentation on this error, please visit: http://seleniumhq.org/exceptions/no_such_element.html
Build info: version: &apos;2.45.0&apos;, revision: &apos;5017cb8e7ca8e37638dc3091b2440b90a1d8686f&apos;, time: &apos;2015-02-27 09:10:26&apos;
System info: host: &apos;Kathy-PC&apos;, ip: &apos;192.168.1.102&apos;, os.name: &apos;Windows 7&apos;, os.arch: &apos;x86&apos;, os.version: &apos;6.1&apos;, java.version: &apos;1.7.0_79&apos;
*** Element info: {Using=xpath, value=//android.view.View[contains(@content-desc,&apos;更改旅行日期&apos;)]}
Session ID: 09353786-bc24-492a-b10e-71aba82e179d
Driver info: io.appium.java_client.android.AndroidDriver
Capabilities [{platform=LINUX, javascriptEnabled=true, appActivity=com.aoliday.android.phone.Main, browserName=Android, networkConnectionEnabled=true, noSign=true, desired={platformVersion=4.4.2, deviceName=PE-TL20, platformName=Android, appActivity=com.aoliday.android.phone.Main, noSign=true, unicodeKeyboard=true, resetkeyboard=true, appPackage=com.aoliday.android.phone}, resetkeyboard=true, locationContextEnabled=false, appPackage=com.aoliday.android.phone, platformVersion=5.0, databaseEnabled=false, deviceName=e313ee98, platformName=Android, webStorageEnabled=false, unicodeKeyboard=true, warnings={}, takesScreenshot=true}]
	at sun.reflect.NativeConstructorAccessorImpl.newInstance0(Native Method)
	at sun.reflect.NativeConstructorAccessorImpl.newInstance(NativeConstructorAccessorImpl.java:57)
	at sun.reflect.DelegatingConstructorAccessorImpl.newInstance(DelegatingConstructorAccessorImpl.java:45)
	at java.lang.reflect.Constructor.newInstance(Constructor.java:526)
	at org.openqa.selenium.remote.ErrorHandler.createThrowable(ErrorHandler.java:204)
	at org.openqa.selenium.remote.ErrorHandler.throwIfResponseFailed(ErrorHandler.java:156)
	at org.openqa.selenium.remote.RemoteWebDriver.execute(RemoteWebDriver.java:599)
	at io.appium.java_client.AppiumDriver.execute(AppiumDriver.java:180)
	at org.openqa.selenium.remote.RemoteWebDriver.findElement(RemoteWebDriver.java:352)
	at org.openqa.selenium.remote.RemoteWebDriver.findElementByXPath(RemoteWebDriver.java:449)
	at testcase.buy.ProductList.android.kathy.ProductID_2175.BuyProduct2175(ProductID_2175.java:49)
</failure>
    <system-out>
点击搜索成功

选择产品成功

点击立即预定成功NATIVE_APP
WEBVIEW_com.aoliday.android.phone
&lt;?xml version=&quot;1.0&quot; encoding=&quot;UTF-8&quot;?&gt;&lt;hierarchy rotation=&quot;0&quot;&gt;&lt;android.widget.FrameLayout index=&quot;0&quot; text=&quot;&quot; class=&quot;android.widget.FrameLayout&quot; package=&quot;com.aoliday.android.phone&quot; content-desc=&quot;&quot; checkable=&quot;false&quot; checked=&quot;false&quot; clickable=&quot;false&quot; enabled=&quot;true&quot; focusable=&quot;false&quot; focused=&quot;false&quot; scrollable=&quot;false&quot; long-clickable=&quot;false&quot; password=&quot;false&quot; selected=&quot;false&quot; bounds=&quot;[0,0][1080,1920]&quot; resource-id=&quot;&quot; instance=&quot;0&quot;&gt;&lt;android.widget.FrameLayout index=&quot;0&quot; text=&quot;&quot; class=&quot;android.widget.FrameLayout&quot; package=&quot;com.aoliday.android.phone&quot; content-desc=&quot;&quot; checkable=&quot;false&quot; checked=&quot;false&quot; clickable=&quot;false&quot; enabled=&quot;true&quot; focusable=&quot;false&quot; focused=&quot;false&quot; scrollable=&quot;false&quot; long-clickable=&quot;false&quot; password=&quot;false&quot; selected=&quot;false&quot; bounds=&quot;[0,0][1080,1920]&quot; resource-id=&quot;&quot; instance=&quot;1&quot;&gt;&lt;android.widget.LinearLayout index=&quot;0&quot; text=&quot;&quot; class=&quot;android.widget.LinearLayout&quot; package=&quot;com.aoliday.android.phone&quot; content-desc=&quot;&quot; checkable=&quot;false&quot; checked=&quot;false&quot; clickable=&quot;false&quot; enabled=&quot;true&quot; focusable=&quot;false&quot; focused=&quot;false&quot; scrollable=&quot;false&quot; long-clickable=&quot;false&quot; password=&quot;false&quot; selected=&quot;false&quot; bounds=&quot;[0,0][1080,1920]&quot; resource-id=&quot;&quot; instance=&quot;0&quot;&gt;&lt;android.widget.FrameLayout index=&quot;0&quot; text=&quot;&quot; class=&quot;android.widget.FrameLayout&quot; package=&quot;com.aoliday.android.phone&quot; content-desc=&quot;&quot; checkable=&quot;false&quot; checked=&quot;false&quot; clickable=&quot;false&quot; enabled=&quot;true&quot; focusable=&quot;false&quot; focused=&quot;false&quot; scrollable=&quot;false&quot; long-clickable=&quot;false&quot; password=&quot;false&quot; selected=&quot;false&quot; bounds=&quot;[0,75][1080,1920]&quot; resource-id=&quot;android:id/content&quot; instance=&quot;2&quot;&gt;&lt;android.widget.LinearLayout index=&quot;0&quot; text=&quot;&quot; class=&quot;android.widget.LinearLayout&quot; package=&quot;com.aoliday.android.phone&quot; content-desc=&quot;&quot; checkable=&quot;false&quot; checked=&quot;false&quot; clickable=&quot;false&quot; enabled=&quot;true&quot; focusable=&quot;false&quot; focused=&quot;false&quot; scrollable=&quot;false&quot; long-clickable=&quot;false&quot; password=&quot;false&quot; selected=&quot;false&quot; bounds=&quot;[0,75][1080,1920]&quot; resource-id=&quot;&quot; instance=&quot;1&quot;&gt;&lt;android.widget.RelativeLayout index=&quot;0&quot; text=&quot;&quot; class=&quot;android.widget.RelativeLayout&quot; package=&quot;com.aoliday.android.phone&quot; content-desc=&quot;&quot; checkable=&quot;false&quot; checked=&quot;false&quot; clickable=&quot;false&quot; enabled=&quot;true&quot; focusable=&quot;false&quot; focused=&quot;false&quot; scrollable=&quot;false&quot; long-clickable=&quot;false&quot; password=&quot;false&quot; selected=&quot;false&quot; bounds=&quot;[0,75][1080,207]&quot; resource-id=&quot;com.aoliday.android.phone:id/header_view&quot; instance=&quot;0&quot;&gt;&lt;android.widget.RelativeLayout index=&quot;0&quot; text=&quot;&quot; class=&quot;android.widget.RelativeLayout&quot; package=&quot;com.aoliday.android.phone&quot; content-desc=&quot;&quot; checkable=&quot;false&quot; checked=&quot;false&quot; clickable=&quot;false&quot; enabled=&quot;true&quot; focusable=&quot;false&quot; focused=&quot;false&quot; scrollable=&quot;false&quot; long-clickable=&quot;false&quot; password=&quot;false&quot; selected=&quot;false&quot; bounds=&quot;[0,75][1080,207]&quot; resource-id=&quot;&quot; instance=&quot;1&quot;&gt;&lt;android.widget.ImageView NAF=&quot;true&quot; index=&quot;0&quot; text=&quot;&quot; class=&quot;android.widget.ImageView&quot; package=&quot;com.aoliday.android.phone&quot; content-desc=&quot;&quot; checkable=&quot;false&quot; checked=&quot;false&quot; clickable=&quot;true&quot; enabled=&quot;true&quot; focusable=&quot;false&quot; focused=&quot;false&quot; scrollable=&quot;false&quot; long-clickable=&quot;false&quot; password=&quot;false&quot; selected=&quot;false&quot; bounds=&quot;[0,75][132,207]&quot; resource-id=&quot;com.aoliday.android.phone:id/header_go_back&quot; instance=&quot;0&quot;/&gt;&lt;android.widget.TextView index=&quot;1&quot; text=&quot;产品订购&quot; class=&quot;android.widget.TextView&quot; package=&quot;com.aoliday.android.phone&quot; content-desc=&quot;&quot; checkable=&quot;false&quot; checked=&quot;false&quot; clickable=&quot;false&quot; enabled=&quot;true&quot; focusable=&quot;false&quot; focused=&quot;false&quot; scrollable=&quot;false&quot; long-clickable=&quot;false&quot; password=&quot;false&quot; selected=&quot;false&quot; bounds=&quot;[240,108][840,173]&quot; resource-id=&quot;com.aoliday.android.phone:id/header_text&quot; instance=&quot;0&quot;/&gt;&lt;/android.widget.RelativeLayout&gt;&lt;/android.widget.RelativeLayout&gt;&lt;android.widget.FrameLayout index=&quot;1&quot; text=&quot;&quot; class=&quot;android.widget.FrameLayout&quot; package=&quot;com.aoliday.android.phone&quot; content-desc=&quot;&quot; checkable=&quot;false&quot; checked=&quot;false&quot; clickable=&quot;false&quot; enabled=&quot;true&quot; focusable=&quot;false&quot; focused=&quot;false&quot; scrollable=&quot;false&quot; long-clickable=&quot;false&quot; password=&quot;false&quot; selected=&quot;false&quot; bounds=&quot;[0,207][1080,1920]&quot; resource-id=&quot;&quot; instance=&quot;3&quot;&gt;&lt;android.widget.LinearLayout index=&quot;0&quot; text=&quot;&quot; class=&quot;android.widget.LinearLayout&quot; package=&quot;com.aoliday.android.phone&quot; content-desc=&quot;&quot; checkable=&quot;false&quot; checked=&quot;false&quot; clickable=&quot;false&quot; enabled=&quot;true&quot; focusable=&quot;false&quot; focused=&quot;false&quot; scrollable=&quot;false&quot; long-clickable=&quot;false&quot; password=&quot;false&quot; selected=&quot;false&quot; bounds=&quot;[0,207][1080,1920]&quot; resource-id=&quot;com.aoliday.android.phone:id/productdetail_line_view&quot; instance=&quot;2&quot;&gt;&lt;android.widget.LinearLayout index=&quot;0&quot; text=&quot;&quot; class=&quot;android.widget.LinearLayout&quot; package=&quot;com.aoliday.android.phone&quot; content-desc=&quot;&quot; checkable=&quot;false&quot; checked=&quot;false&quot; clickable=&quot;false&quot; enabled=&quot;true&quot; focusable=&quot;false&quot; focused=&quot;false&quot; scrollable=&quot;false&quot; long-clickable=&quot;false&quot; password=&quot;false&quot; selected=&quot;false&quot; bounds=&quot;[0,207][1080,357]&quot; resource-id=&quot;com.aoliday.android.phone:id/footer_view&quot; instance=&quot;3&quot;&gt;&lt;android.widget.TextView index=&quot;0&quot; text=&quot;价格:￥ 3289.0&quot; class=&quot;android.widget.TextView&quot; package=&quot;com.aoliday.android.phone&quot; content-desc=&quot;&quot; checkable=&quot;false&quot; checked=&quot;false&quot; clickable=&quot;true&quot; enabled=&quot;true&quot; focusable=&quot;false&quot; focused=&quot;false&quot; scrollable=&quot;false&quot; long-clickable=&quot;false&quot; password=&quot;false&quot; selected=&quot;false&quot; bounds=&quot;[0,260][540,313]&quot; resource-id=&quot;com.aoliday.android.phone:id/order_price_view&quot; instance=&quot;1&quot;/&gt;&lt;android.widget.TextView index=&quot;1&quot; text=&quot;完成选择&quot; class=&quot;android.widget.TextView&quot; package=&quot;com.aoliday.android.phone&quot; content-desc=&quot;&quot; checkable=&quot;false&quot; checked=&quot;false&quot; clickable=&quot;true&quot; enabled=&quot;true&quot; focusable=&quot;false&quot; focused=&quot;false&quot; scrollable=&quot;false&quot; long-clickable=&quot;false&quot; password=&quot;false&quot; selected=&quot;false&quot; bounds=&quot;[540,207][1080,357]&quot; resource-id=&quot;com.aoliday.android.phone:id/order_now_view&quot; instance=&quot;2&quot;/&gt;&lt;/android.widget.LinearLayout&gt;&lt;/android.widget.LinearLayout&gt;&lt;/android.widget.FrameLayout&gt;&lt;/android.widget.LinearLayout&gt;&lt;/android.widget.FrameLayout&gt;&lt;/android.widget.LinearLayout&gt;&lt;/android.widget.FrameLayout&gt;&lt;/android.widget.FrameLayout&gt;&lt;/hierarchy&gt;
</system-out>
  </testcase>
  <testcase time="95.815" classname="testcase.buy.ProductList.android.kathy.ProductID_2466" name="BuyProduct2466">
    <failure message="Index: 0, Size: 0" type="java.lang.IndexOutOfBoundsException">java.lang.IndexOutOfBoundsException: Index: 0, Size: 0
	at java.util.ArrayList.rangeCheck(ArrayList.java:635)
	at java.util.ArrayList.get(ArrayList.java:411)
	at testcase.buy.ProductList.android.kathy.ProductID_2466.BuyProduct2466(ProductID_2466.java:82)
</failure>
    <system-out>
点击搜索成功

选择产品成功

点击立即预定成功NATIVE_APP
WEBVIEW_com.aoliday.android.phone
&lt;?xml version=&quot;1.0&quot; encoding=&quot;UTF-8&quot;?&gt;&lt;hierarchy rotation=&quot;0&quot;&gt;&lt;android.widget.FrameLayout index=&quot;0&quot; text=&quot;&quot; class=&quot;android.widget.FrameLayout&quot; package=&quot;com.aoliday.android.phone&quot; content-desc=&quot;&quot; checkable=&quot;false&quot; checked=&quot;false&quot; clickable=&quot;false&quot; enabled=&quot;true&quot; focusable=&quot;false&quot; focused=&quot;false&quot; scrollable=&quot;false&quot; long-clickable=&quot;false&quot; password=&quot;false&quot; selected=&quot;false&quot; bounds=&quot;[0,0][1080,1920]&quot; resource-id=&quot;&quot; instance=&quot;0&quot;&gt;&lt;android.widget.FrameLayout index=&quot;0&quot; text=&quot;&quot; class=&quot;android.widget.FrameLayout&quot; package=&quot;com.aoliday.android.phone&quot; content-desc=&quot;&quot; checkable=&quot;false&quot; checked=&quot;false&quot; clickable=&quot;false&quot; enabled=&quot;true&quot; focusable=&quot;false&quot; focused=&quot;false&quot; scrollable=&quot;false&quot; long-clickable=&quot;false&quot; password=&quot;false&quot; selected=&quot;false&quot; bounds=&quot;[0,0][1080,1920]&quot; resource-id=&quot;&quot; instance=&quot;1&quot;&gt;&lt;android.widget.LinearLayout index=&quot;0&quot; text=&quot;&quot; class=&quot;android.widget.LinearLayout&quot; package=&quot;com.aoliday.android.phone&quot; content-desc=&quot;&quot; checkable=&quot;false&quot; checked=&quot;false&quot; clickable=&quot;false&quot; enabled=&quot;true&quot; focusable=&quot;false&quot; focused=&quot;false&quot; scrollable=&quot;false&quot; long-clickable=&quot;false&quot; password=&quot;false&quot; selected=&quot;false&quot; bounds=&quot;[0,0][1080,1920]&quot; resource-id=&quot;&quot; instance=&quot;0&quot;&gt;&lt;android.widget.FrameLayout index=&quot;0&quot; text=&quot;&quot; class=&quot;android.widget.FrameLayout&quot; package=&quot;com.aoliday.android.phone&quot; content-desc=&quot;&quot; checkable=&quot;false&quot; checked=&quot;false&quot; clickable=&quot;false&quot; enabled=&quot;true&quot; focusable=&quot;false&quot; focused=&quot;false&quot; scrollable=&quot;false&quot; long-clickable=&quot;false&quot; password=&quot;false&quot; selected=&quot;false&quot; bounds=&quot;[0,75][1080,1920]&quot; resource-id=&quot;android:id/content&quot; instance=&quot;2&quot;&gt;&lt;android.widget.LinearLayout index=&quot;0&quot; text=&quot;&quot; class=&quot;android.widget.LinearLayout&quot; package=&quot;com.aoliday.android.phone&quot; content-desc=&quot;&quot; checkable=&quot;false&quot; checked=&quot;false&quot; clickable=&quot;false&quot; enabled=&quot;true&quot; focusable=&quot;false&quot; focused=&quot;false&quot; scrollable=&quot;false&quot; long-clickable=&quot;false&quot; password=&quot;false&quot; selected=&quot;false&quot; bounds=&quot;[0,75][1080,1920]&quot; resource-id=&quot;&quot; instance=&quot;1&quot;&gt;&lt;android.widget.RelativeLayout index=&quot;0&quot; text=&quot;&quot; class=&quot;android.widget.RelativeLayout&quot; package=&quot;com.aoliday.android.phone&quot; content-desc=&quot;&quot; checkable=&quot;false&quot; checked=&quot;false&quot; clickable=&quot;false&quot; enabled=&quot;true&quot; focusable=&quot;false&quot; focused=&quot;false&quot; scrollable=&quot;false&quot; long-clickable=&quot;false&quot; password=&quot;false&quot; selected=&quot;false&quot; bounds=&quot;[0,75][1080,207]&quot; resource-id=&quot;com.aoliday.android.phone:id/header_view&quot; instance=&quot;0&quot;&gt;&lt;android.widget.RelativeLayout index=&quot;0&quot; text=&quot;&quot; class=&quot;android.widget.RelativeLayout&quot; package=&quot;com.aoliday.android.phone&quot; content-desc=&quot;&quot; checkable=&quot;false&quot; checked=&quot;false&quot; clickable=&quot;false&quot; enabled=&quot;true&quot; focusable=&quot;false&quot; focused=&quot;false&quot; scrollable=&quot;false&quot; long-clickable=&quot;false&quot; password=&quot;false&quot; selected=&quot;false&quot; bounds=&quot;[0,75][1080,207]&quot; resource-id=&quot;&quot; instance=&quot;1&quot;&gt;&lt;android.widget.ImageView NAF=&quot;true&quot; index=&quot;0&quot; text=&quot;&quot; class=&quot;android.widget.ImageView&quot; package=&quot;com.aoliday.android.phone&quot; content-desc=&quot;&quot; checkable=&quot;false&quot; checked=&quot;false&quot; clickable=&quot;true&quot; enabled=&quot;true&quot; focusable=&quot;false&quot; focused=&quot;false&quot; scrollable=&quot;false&quot; long-clickable=&quot;false&quot; password=&quot;false&quot; selected=&quot;false&quot; bounds=&quot;[0,75][132,207]&quot; resource-id=&quot;com.aoliday.android.phone:id/header_go_back&quot; instance=&quot;0&quot;/&gt;&lt;android.widget.TextView index=&quot;1&quot; text=&quot;产品订购&quot; class=&quot;android.widget.TextView&quot; package=&quot;com.aoliday.android.phone&quot; content-desc=&quot;&quot; checkable=&quot;false&quot; checked=&quot;false&quot; clickable=&quot;false&quot; enabled=&quot;true&quot; focusable=&quot;false&quot; focused=&quot;false&quot; scrollable=&quot;false&quot; long-clickable=&quot;false&quot; password=&quot;false&quot; selected=&quot;false&quot; bounds=&quot;[240,108][840,173]&quot; resource-id=&quot;com.aoliday.android.phone:id/header_text&quot; instance=&quot;0&quot;/&gt;&lt;/android.widget.RelativeLayout&gt;&lt;/android.widget.RelativeLayout&gt;&lt;android.widget.FrameLayout index=&quot;1&quot; text=&quot;&quot; class=&quot;android.widget.FrameLayout&quot; package=&quot;com.aoliday.android.phone&quot; content-desc=&quot;&quot; checkable=&quot;false&quot; checked=&quot;false&quot; clickable=&quot;false&quot; enabled=&quot;true&quot; focusable=&quot;false&quot; focused=&quot;false&quot; scrollable=&quot;false&quot; long-clickable=&quot;false&quot; password=&quot;false&quot; selected=&quot;false&quot; bounds=&quot;[0,207][1080,1920]&quot; resource-id=&quot;&quot; instance=&quot;3&quot;&gt;&lt;android.widget.LinearLayout index=&quot;0&quot; text=&quot;&quot; class=&quot;android.widget.LinearLayout&quot; package=&quot;com.aoliday.android.phone&quot; content-desc=&quot;&quot; checkable=&quot;false&quot; checked=&quot;false&quot; clickable=&quot;false&quot; enabled=&quot;true&quot; focusable=&quot;false&quot; focused=&quot;false&quot; scrollable=&quot;false&quot; long-clickable=&quot;false&quot; password=&quot;false&quot; selected=&quot;false&quot; bounds=&quot;[0,207][1080,1920]&quot; resource-id=&quot;com.aoliday.android.phone:id/productdetail_line_view&quot; instance=&quot;2&quot;&gt;&lt;android.webkit.WebView index=&quot;0&quot; text=&quot;&quot; class=&quot;android.webkit.WebView&quot; package=&quot;com.aoliday.android.phone&quot; content-desc=&quot;&quot; checkable=&quot;false&quot; checked=&quot;false&quot; clickable=&quot;false&quot; enabled=&quot;true&quot; focusable=&quot;false&quot; focused=&quot;false&quot; scrollable=&quot;false&quot; long-clickable=&quot;false&quot; password=&quot;false&quot; selected=&quot;false&quot; bounds=&quot;[0,207][1080,1770]&quot; resource-id=&quot;&quot; instance=&quot;0&quot;&gt;&lt;android.webkit.WebView index=&quot;0&quot; text=&quot;&quot; class=&quot;android.webkit.WebView&quot; package=&quot;com.aoliday.android.phone&quot; content-desc=&quot;购买选择&quot; checkable=&quot;false&quot; checked=&quot;false&quot; clickable=&quot;false&quot; enabled=&quot;true&quot; focusable=&quot;true&quot; focused=&quot;true&quot; scrollable=&quot;true&quot; long-clickable=&quot;false&quot; password=&quot;false&quot; selected=&quot;false&quot; bounds=&quot;[0,207][1080,1770]&quot; resource-id=&quot;&quot; instance=&quot;1&quot;&gt;&lt;android.view.View index=&quot;0&quot; text=&quot;&quot; class=&quot;android.view.View&quot; package=&quot;com.aoliday.android.phone&quot; content-desc=&quot;&quot; checkable=&quot;false&quot; checked=&quot;false&quot; clickable=&quot;false&quot; enabled=&quot;true&quot; focusable=&quot;false&quot; focused=&quot;false&quot; scrollable=&quot;false&quot; long-clickable=&quot;false&quot; password=&quot;false&quot; selected=&quot;false&quot; bounds=&quot;[0,240][1080,1920]&quot; resource-id=&quot;&quot; instance=&quot;0&quot;&gt;&lt;android.widget.ListView index=&quot;0&quot; text=&quot;&quot; class=&quot;android.widget.ListView&quot; package=&quot;com.aoliday.android.phone&quot; content-desc=&quot;&quot; checkable=&quot;false&quot; checked=&quot;false&quot; clickable=&quot;false&quot; enabled=&quot;true&quot; focusable=&quot;false&quot; focused=&quot;false&quot; scrollable=&quot;false&quot; long-clickable=&quot;false&quot; password=&quot;false&quot; selected=&quot;false&quot; bounds=&quot;[36,243][1044,450]&quot; resource-id=&quot;&quot; instance=&quot;0&quot;&gt;&lt;android.view.View index=&quot;0&quot; text=&quot;&quot; class=&quot;android.view.View&quot; package=&quot;com.aoliday.android.phone&quot; content-desc=&quot;旅行日期&quot; checkable=&quot;false&quot; checked=&quot;false&quot; clickable=&quot;true&quot; enabled=&quot;true&quot; focusable=&quot;false&quot; focused=&quot;false&quot; scrollable=&quot;false&quot; long-clickable=&quot;false&quot; password=&quot;false&quot; selected=&quot;false&quot; bounds=&quot;[60,243][1020,348]&quot; resource-id=&quot;&quot; instance=&quot;1&quot;/&gt;&lt;android.view.View index=&quot;1&quot; text=&quot;&quot; class=&quot;android.view.View&quot; package=&quot;com.aoliday.android.phone&quot; content-desc=&quot;开始 2015-12-07 &quot; checkable=&quot;false&quot; checked=&quot;false&quot; clickable=&quot;true&quot; enabled=&quot;true&quot; focusable=&quot;false&quot; focused=&quot;false&quot; scrollable=&quot;false&quot; long-clickable=&quot;false&quot; password=&quot;false&quot; selected=&quot;false&quot; bounds=&quot;[60,345][1020,450]&quot; resource-id=&quot;&quot; instance=&quot;2&quot;/&gt;&lt;/android.widget.ListView&gt;&lt;android.widget.ListView index=&quot;1&quot; text=&quot;&quot; class=&quot;android.widget.ListView&quot; package=&quot;com.aoliday.android.phone&quot; content-desc=&quot;&quot; checkable=&quot;false&quot; checked=&quot;false&quot; clickable=&quot;false&quot; enabled=&quot;true&quot; focusable=&quot;false&quot; focused=&quot;false&quot; scrollable=&quot;false&quot; long-clickable=&quot;false&quot; password=&quot;false&quot; selected=&quot;false&quot; bounds=&quot;[36,447][1044,555]&quot; resource-id=&quot;&quot; instance=&quot;1&quot;&gt;&lt;android.view.View index=&quot;0&quot; text=&quot;&quot; class=&quot;android.view.View&quot; package=&quot;com.aoliday.android.phone&quot; content-desc=&quot;更改旅行日期&quot; checkable=&quot;false&quot; checked=&quot;false&quot; clickable=&quot;true&quot; enabled=&quot;true&quot; focusable=&quot;false&quot; focused=&quot;false&quot; scrollable=&quot;false&quot; long-clickable=&quot;false&quot; password=&quot;false&quot; selected=&quot;false&quot; bounds=&quot;[60,447][1020,555]&quot; resource-id=&quot;&quot; instance=&quot;3&quot;/&gt;&lt;/android.widget.ListView&gt;&lt;android.widget.ListView index=&quot;2&quot; text=&quot;&quot; class=&quot;android.widget.ListView&quot; package=&quot;com.aoliday.android.phone&quot; content-desc=&quot;&quot; checkable=&quot;false&quot; checked=&quot;false&quot; clickable=&quot;false&quot; enabled=&quot;true&quot; focusable=&quot;false&quot; focused=&quot;false&quot; scrollable=&quot;false&quot; long-clickable=&quot;false&quot; password=&quot;false&quot; selected=&quot;false&quot; bounds=&quot;[36,591][1044,801]&quot; resource-id=&quot;&quot; instance=&quot;2&quot;&gt;&lt;android.view.View index=&quot;0&quot; text=&quot;&quot; class=&quot;android.view.View&quot; package=&quot;com.aoliday.android.phone&quot; content-desc=&quot;选择规格&quot; checkable=&quot;false&quot; checked=&quot;false&quot; clickable=&quot;true&quot; enabled=&quot;true&quot; focusable=&quot;false&quot; focused=&quot;false&quot; scrollable=&quot;false&quot; long-clickable=&quot;false&quot; password=&quot;false&quot; selected=&quot;false&quot; bounds=&quot;[60,591][1020,696]&quot; resource-id=&quot;&quot; instance=&quot;4&quot;/&gt;&lt;android.view.View index=&quot;1&quot; text=&quot;&quot; class=&quot;android.view.View&quot; package=&quot;com.aoliday.android.phone&quot; content-desc=&quot;三星酒店单人预订 &quot; checkable=&quot;false&quot; checked=&quot;false&quot; clickable=&quot;false&quot; enabled=&quot;true&quot; focusable=&quot;false&quot; focused=&quot;false&quot; scrollable=&quot;false&quot; long-clickable=&quot;false&quot; password=&quot;false&quot; selected=&quot;false&quot; bounds=&quot;[60,693][1020,801]&quot; resource-id=&quot;&quot; instance=&quot;5&quot;&gt;&lt;android.view.View index=&quot;0&quot; text=&quot;&quot; class=&quot;android.view.View&quot; package=&quot;com.aoliday.android.phone&quot; content-desc=&quot;三星酒店单人预订&quot; checkable=&quot;false&quot; checked=&quot;false&quot; clickable=&quot;true&quot; enabled=&quot;true&quot; focusable=&quot;false&quot; focused=&quot;false&quot; scrollable=&quot;false&quot; long-clickable=&quot;false&quot; password=&quot;false&quot; selected=&quot;false&quot; bounds=&quot;[60,717][1020,783]&quot; resource-id=&quot;&quot; instance=&quot;6&quot;/&gt;&lt;/android.view.View&gt;&lt;/android.widget.ListView&gt;&lt;android.widget.ListView index=&quot;3&quot; text=&quot;&quot; class=&quot;android.widget.ListView&quot; package=&quot;com.aoliday.android.phone&quot; content-desc=&quot;&quot; checkable=&quot;false&quot; checked=&quot;false&quot; clickable=&quot;false&quot; enabled=&quot;true&quot; focusable=&quot;false&quot; focused=&quot;false&quot; scrollable=&quot;false&quot; long-clickable=&quot;false&quot; password=&quot;false&quot; selected=&quot;false&quot; bounds=&quot;[36,798][1044,906]&quot; resource-id=&quot;&quot; instance=&quot;3&quot;&gt;&lt;android.view.View index=&quot;0&quot; text=&quot;&quot; class=&quot;android.view.View&quot; package=&quot;com.aoliday.android.phone&quot; content-desc=&quot;更改行程类型&quot; checkable=&quot;false&quot; checked=&quot;false&quot; clickable=&quot;true&quot; enabled=&quot;true&quot; focusable=&quot;false&quot; focused=&quot;false&quot; scrollable=&quot;false&quot; long-clickable=&quot;false&quot; password=&quot;false&quot; selected=&quot;false&quot; bounds=&quot;[60,798][1020,906]&quot; resource-id=&quot;&quot; instance=&quot;7&quot;/&gt;&lt;/android.widget.ListView&gt;&lt;android.widget.ListView index=&quot;4&quot; text=&quot;&quot; class=&quot;android.widget.ListView&quot; package=&quot;com.aoliday.android.phone&quot; content-desc=&quot;&quot; checkable=&quot;false&quot; checked=&quot;false&quot; clickable=&quot;false&quot; enabled=&quot;true&quot; focusable=&quot;false&quot; focused=&quot;false&quot; scrollable=&quot;false&quot; long-clickable=&quot;false&quot; password=&quot;false&quot; selected=&quot;false&quot; bounds=&quot;[36,945][1044,1179]&quot; resource-id=&quot;&quot; instance=&quot;4&quot;&gt;&lt;android.view.View index=&quot;0&quot; text=&quot;&quot; class=&quot;android.view.View&quot; package=&quot;com.aoliday.android.phone&quot; content-desc=&quot;旅客类型&quot; checkable=&quot;false&quot; checked=&quot;false&quot; clickable=&quot;true&quot; enabled=&quot;true&quot; focusable=&quot;false&quot; focused=&quot;false&quot; scrollable=&quot;false&quot; long-clickable=&quot;false&quot; password=&quot;false&quot; selected=&quot;false&quot; bounds=&quot;[60,945][1020,1050]&quot; resource-id=&quot;&quot; instance=&quot;8&quot;/&gt;&lt;android.view.View index=&quot;1&quot; text=&quot;&quot; class=&quot;android.view.View&quot; package=&quot;com.aoliday.android.phone&quot; content-desc=&quot;成人 X 1 &quot; checkable=&quot;false&quot; checked=&quot;false&quot; clickable=&quot;true&quot; enabled=&quot;true&quot; focusable=&quot;false&quot; focused=&quot;false&quot; scrollable=&quot;false&quot; long-clickable=&quot;false&quot; password=&quot;false&quot; selected=&quot;false&quot; bounds=&quot;[60,1047][1020,1179]&quot; resource-id=&quot;&quot; instance=&quot;9&quot;/&gt;&lt;/android.widget.ListView&gt;&lt;android.widget.ListView index=&quot;5&quot; text=&quot;&quot; class=&quot;android.widget.ListView&quot; package=&quot;com.aoliday.android.phone&quot; content-desc=&quot;&quot; checkable=&quot;false&quot; checked=&quot;false&quot; clickable=&quot;false&quot; enabled=&quot;true&quot; focusable=&quot;false&quot; focused=&quot;false&quot; scrollable=&quot;false&quot; long-clickable=&quot;false&quot; password=&quot;false&quot; selected=&quot;false&quot; bounds=&quot;[36,1176][1044,1284]&quot; resource-id=&quot;&quot; instance=&quot;5&quot;&gt;&lt;android.view.View index=&quot;0&quot; text=&quot;&quot; class=&quot;android.view.View&quot; package=&quot;com.aoliday.android.phone&quot; content-desc=&quot;更改旅客类型&quot; checkable=&quot;false&quot; checked=&quot;false&quot; clickable=&quot;true&quot; enabled=&quot;true&quot; focusable=&quot;false&quot; focused=&quot;false&quot; scrollable=&quot;false&quot; long-clickable=&quot;false&quot; password=&quot;false&quot; selected=&quot;false&quot; bounds=&quot;[60,1176][1020,1284]&quot; resource-id=&quot;&quot; instance=&quot;10&quot;/&gt;&lt;/android.widget.ListView&gt;&lt;android.view.View index=&quot;6&quot; text=&quot;&quot; class=&quot;android.view.View&quot; package=&quot;com.aoliday.android.phone&quot; content-desc=&quot;关闭&quot; checkable=&quot;false&quot; checked=&quot;false&quot; clickable=&quot;true&quot; enabled=&quot;true&quot; focusable=&quot;true&quot; focused=&quot;false&quot; scrollable=&quot;false&quot; long-clickable=&quot;false&quot; password=&quot;false&quot; selected=&quot;false&quot; bounds=&quot;[0,1773][195,1920]&quot; resource-id=&quot;&quot; instance=&quot;11&quot;/&gt;&lt;android.view.View index=&quot;7&quot; text=&quot;&quot; class=&quot;android.view.View&quot; package=&quot;com.aoliday.android.phone&quot; content-desc=&quot;确定&quot; checkable=&quot;false&quot; checked=&quot;false&quot; clickable=&quot;true&quot; enabled=&quot;true&quot; focusable=&quot;true&quot; focused=&quot;false&quot; scrollable=&quot;false&quot; long-clickable=&quot;false&quot; password=&quot;false&quot; selected=&quot;false&quot; bounds=&quot;[885,1773][1080,1920]&quot; resource-id=&quot;&quot; instance=&quot;12&quot;/&gt;&lt;/android.view.View&gt;&lt;android.view.View index=&quot;1&quot; text=&quot;&quot; class=&quot;android.view.View&quot; package=&quot;com.aoliday.android.phone&quot; content-desc=&quot;&quot; checkable=&quot;false&quot; checked=&quot;false&quot; clickable=&quot;false&quot; enabled=&quot;true&quot; focusable=&quot;false&quot; focused=&quot;false&quot; scrollable=&quot;false&quot; long-clickable=&quot;false&quot; password=&quot;false&quot; selected=&quot;false&quot; bounds=&quot;[0,1284][1080,1344]&quot; resource-id=&quot;&quot; instance=&quot;13&quot;&gt;&lt;android.view.View index=&quot;0&quot; text=&quot;&quot; class=&quot;android.view.View&quot; package=&quot;com.aoliday.android.phone&quot; content-desc=&quot;&quot; checkable=&quot;false&quot; checked=&quot;false&quot; clickable=&quot;false&quot; enabled=&quot;true&quot; focusable=&quot;false&quot; focused=&quot;false&quot; scrollable=&quot;false&quot; long-clickable=&quot;false&quot; password=&quot;false&quot; selected=&quot;false&quot; bounds=&quot;[12,1290][915,1332]&quot; resource-id=&quot;&quot; instance=&quot;14&quot;&gt;&lt;android.view.View index=&quot;0&quot; text=&quot;&quot; class=&quot;android.view.View&quot; package=&quot;com.aoliday.android.phone&quot; content-desc=&quot;&quot; checkable=&quot;false&quot; checked=&quot;false&quot; clickable=&quot;false&quot; enabled=&quot;true&quot; focusable=&quot;false&quot; focused=&quot;false&quot; scrollable=&quot;false&quot; long-clickable=&quot;false&quot; password=&quot;false&quot; selected=&quot;false&quot; bounds=&quot;[15,1290][915,1329]&quot; resource-id=&quot;&quot; instance=&quot;15&quot;&gt;&lt;android.view.View index=&quot;0&quot; text=&quot;&quot; class=&quot;android.view.View&quot; package=&quot;com.aoliday.android.phone&quot; content-desc=&quot;&quot; checkable=&quot;false&quot; checked=&quot;false&quot; clickable=&quot;false&quot; enabled=&quot;true&quot; focusable=&quot;false&quot; focused=&quot;false&quot; scrollable=&quot;true&quot; long-clickable=&quot;false&quot; password=&quot;false&quot; selected=&quot;false&quot; bounds=&quot;[15,1290][915,1329]&quot; resource-id=&quot;&quot; instance=&quot;16&quot;/&gt;&lt;/android.view.View&gt;&lt;/android.view.View&gt;&lt;/android.view.View&gt;&lt;/android.webkit.WebView&gt;&lt;/android.webkit.WebView&gt;&lt;android.widget.LinearLayout index=&quot;1&quot; text=&quot;&quot; class=&quot;android.widget.LinearLayout&quot; package=&quot;com.aoliday.android.phone&quot; content-desc=&quot;&quot; checkable=&quot;false&quot; checked=&quot;false&quot; clickable=&quot;false&quot; enabled=&quot;true&quot; focusable=&quot;false&quot; focused=&quot;false&quot; scrollable=&quot;false&quot; long-clickable=&quot;false&quot; password=&quot;false&quot; selected=&quot;false&quot; bounds=&quot;[0,1770][1080,1920]&quot; resource-id=&quot;com.aoliday.android.phone:id/footer_view&quot; instance=&quot;3&quot;&gt;&lt;android.widget.TextView index=&quot;0&quot; text=&quot;价格:￥ 3358&quot; class=&quot;android.widget.TextView&quot; package=&quot;com.aoliday.android.phone&quot; content-desc=&quot;&quot; checkable=&quot;false&quot; checked=&quot;false&quot; clickable=&quot;true&quot; enabled=&quot;true&quot; focusable=&quot;false&quot; focused=&quot;false&quot; scrollable=&quot;false&quot; long-clickable=&quot;false&quot; password=&quot;false&quot; selected=&quot;false&quot; bounds=&quot;[0,1823][540,1876]&quot; resource-id=&quot;com.aoliday.android.phone:id/order_price_view&quot; instance=&quot;1&quot;/&gt;&lt;android.widget.TextView index=&quot;1&quot; text=&quot;完成选择&quot; class=&quot;android.widget.TextView&quot; package=&quot;com.aoliday.android.phone&quot; content-desc=&quot;&quot; checkable=&quot;false&quot; checked=&quot;false&quot; clickable=&quot;true&quot; enabled=&quot;true&quot; focusable=&quot;false&quot; focused=&quot;false&quot; scrollable=&quot;false&quot; long-clickable=&quot;false&quot; password=&quot;false&quot; selected=&quot;false&quot; bounds=&quot;[540,1770][1080,1920]&quot; resource-id=&quot;com.aoliday.android.phone:id/order_now_view&quot; instance=&quot;2&quot;/&gt;&lt;/android.widget.LinearLayout&gt;&lt;/android.widget.LinearLayout&gt;&lt;/android.widget.FrameLayout&gt;&lt;/android.widget.LinearLayout&gt;&lt;/android.widget.FrameLayout&gt;&lt;/android.widget.LinearLayout&gt;&lt;/android.widget.FrameLayout&gt;&lt;/android.widget.FrameLayout&gt;&lt;/hierarchy&gt;

完成选择成功
</system-out>
  </testcase>
</testsuite>